# JRE version: OpenJDK Runtime Environment (21.0.6) (build 21.0.6+-13368085-b895.109)
# Java VM: OpenJDK 64-Bit Server VM (21.0.6+-13368085-b895.109, mixed mode, tiered, compressed oops, compressed class ptrs, g1 gc, windows-amd64)
GC Precious Log:
 CardTable entry size: 512
 Card Set container configuration: InlinePtr #cards 5 size 8 Array Of Cards #cards 12 size 40 Howl #buckets 4 coarsen threshold 1843 Howl Bitmap #cards 512 size 80 coarsen threshold 460 Card regions per heap region 1 cards per card region 2048
 CPUs: 12 total, 12 available
 Memory: 3767M
 Large Page Support: Disabled
 NUMA Support: Disabled
 Compressed Oops: Enabled (32-bit)
 Heap Region Size: 1M
 Heap Min Capacity: 8M
 Heap Initial Capacity: 60M
 Heap Max Capacity: 2G
 Pre-touch: Disabled
 Parallel Workers: 10
 Concurrent Workers: 3
 Concurrent Refinement Workers: 10
 Periodic GC: Disabled
Heap:
 garbage-first heap   total 353280K, used 282252K [0x0000000080000000, 0x0000000100000000)
  region size 1024K, 61 young (62464K), 5 survivors (5120K)
 Metaspace       used 179543K, committed 182336K, reserved 1245184K
  class space    used 23245K, committed 24640K, reserved 1048576K
GC Heap History (20 events):
Event: 36.821 GC heap before
{Heap before GC invocations=47 (full 0):
 garbage-first heap   total 261120K, used 213548K [0x0000000080000000, 0x0000000100000000)
  region size 1024K, 62 young (63488K), 10 survivors (10240K)
 Metaspace       used 140446K, committed 142784K, reserved 1179648K
  class space    used 18049K, committed 19200K, reserved 1048576K
}
Event: 36.840 GC heap after
{Heap after GC invocations=48 (full 0):
 garbage-first heap   total 261120K, used 164325K [0x0000000080000000, 0x0000000100000000)
  region size 1024K, 8 young (8192K), 8 survivors (8192K)
 Metaspace       used 140446K, committed 142784K, reserved 1179648K
  class space    used 18049K, committed 19200K, reserved 1048576K
}
Event: 40.322 GC heap before
{Heap before GC invocations=49 (full 0):
 garbage-first heap   total 283648K, used 243173K [0x0000000080000000, 0x0000000100000000)
  region size 1024K, 78 young (79872K), 8 survivors (8192K)
 Metaspace       used 146238K, committed 148608K, reserved 1179648K
  class space    used 18715K, committed 19904K, reserved 1048576K
}
Event: 40.338 GC heap after
{Heap after GC invocations=50 (full 0):
 garbage-first heap   total 283648K, used 176422K [0x0000000080000000, 0x0000000100000000)
  region size 1024K, 8 young (8192K), 8 survivors (8192K)
 Metaspace       used 146238K, committed 148608K, reserved 1179648K
  class space    used 18715K, committed 19904K, reserved 1048576K
}
Event: 42.230 GC heap before
{Heap before GC invocations=50 (full 0):
 garbage-first heap   total 283648K, used 264486K [0x0000000080000000, 0x0000000100000000)
  region size 1024K, 89 young (91136K), 8 survivors (8192K)
 Metaspace       used 152046K, committed 154560K, reserved 1245184K
  class space    used 19548K, committed 20800K, reserved 1048576K
}
Event: 42.259 GC heap after
{Heap after GC invocations=51 (full 0):
 garbage-first heap   total 283648K, used 182116K [0x0000000080000000, 0x0000000100000000)
  region size 1024K, 12 young (12288K), 12 survivors (12288K)
 Metaspace       used 152046K, committed 154560K, reserved 1245184K
  class space    used 19548K, committed 20800K, reserved 1048576K
}
Event: 44.683 GC heap before
{Heap before GC invocations=51 (full 0):
 garbage-first heap   total 283648K, used 255844K [0x0000000080000000, 0x0000000100000000)
  region size 1024K, 84 young (86016K), 12 survivors (12288K)
 Metaspace       used 158563K, committed 161152K, reserved 1245184K
  class space    used 20391K, committed 21696K, reserved 1048576K
}
Event: 44.715 GC heap after
{Heap after GC invocations=52 (full 0):
 garbage-first heap   total 283648K, used 186139K [0x0000000080000000, 0x0000000100000000)
  region size 1024K, 4 young (4096K), 4 survivors (4096K)
 Metaspace       used 158563K, committed 161152K, reserved 1245184K
  class space    used 20391K, committed 21696K, reserved 1048576K
}
Event: 47.289 GC heap before
{Heap before GC invocations=53 (full 0):
 garbage-first heap   total 317440K, used 264987K [0x0000000080000000, 0x0000000100000000)
  region size 1024K, 78 young (79872K), 4 survivors (4096K)
 Metaspace       used 160198K, committed 162752K, reserved 1245184K
  class space    used 20652K, committed 21952K, reserved 1048576K
}
Event: 47.315 GC heap after
{Heap after GC invocations=54 (full 0):
 garbage-first heap   total 317440K, used 196748K [0x0000000080000000, 0x0000000100000000)
  region size 1024K, 10 young (10240K), 10 survivors (10240K)
 Metaspace       used 160198K, committed 162752K, reserved 1245184K
  class space    used 20652K, committed 21952K, reserved 1048576K
}
Event: 49.147 GC heap before
{Heap before GC invocations=54 (full 0):
 garbage-first heap   total 317440K, used 290956K [0x0000000080000000, 0x0000000100000000)
  region size 1024K, 101 young (103424K), 10 survivors (10240K)
 Metaspace       used 160601K, committed 163200K, reserved 1245184K
  class space    used 20666K, committed 22016K, reserved 1048576K
}
Event: 49.173 GC heap after
{Heap after GC invocations=55 (full 0):
 garbage-first heap   total 317440K, used 203320K [0x0000000080000000, 0x0000000100000000)
  region size 1024K, 11 young (11264K), 11 survivors (11264K)
 Metaspace       used 160601K, committed 163200K, reserved 1245184K
  class space    used 20666K, committed 22016K, reserved 1048576K
}
Event: 53.185 GC heap before
{Heap before GC invocations=55 (full 0):
 garbage-first heap   total 317440K, used 289336K [0x0000000080000000, 0x0000000100000000)
  region size 1024K, 95 young (97280K), 11 survivors (11264K)
 Metaspace       used 166380K, committed 169024K, reserved 1245184K
  class space    used 21218K, committed 22528K, reserved 1048576K
}
Event: 53.223 GC heap after
{Heap after GC invocations=56 (full 0):
 garbage-first heap   total 317440K, used 210849K [0x0000000080000000, 0x0000000100000000)
  region size 1024K, 8 young (8192K), 8 survivors (8192K)
 Metaspace       used 166380K, committed 169024K, reserved 1245184K
  class space    used 21218K, committed 22528K, reserved 1048576K
}
Event: 58.139 GC heap before
{Heap before GC invocations=57 (full 0):
 garbage-first heap   total 353280K, used 290721K [0x0000000080000000, 0x0000000100000000)
  region size 1024K, 86 young (88064K), 8 survivors (8192K)
 Metaspace       used 172387K, committed 175104K, reserved 1245184K
  class space    used 22211K, committed 23552K, reserved 1048576K
}
Event: 58.218 GC heap after
{Heap after GC invocations=58 (full 0):
 garbage-first heap   total 353280K, used 214638K [0x0000000080000000, 0x0000000100000000)
  region size 1024K, 4 young (4096K), 4 survivors (4096K)
 Metaspace       used 172387K, committed 175104K, reserved 1245184K
  class space    used 22211K, committed 23552K, reserved 1048576K
}
Event: 71.825 GC heap before
{Heap before GC invocations=58 (full 0):
 garbage-first heap   total 353280K, used 335470K [0x0000000080000000, 0x0000000100000000)
  region size 1024K, 108 young (110592K), 4 survivors (4096K)
 Metaspace       used 179542K, committed 182336K, reserved 1245184K
  class space    used 23245K, committed 24640K, reserved 1048576K
}
Event: 71.992 GC heap after
{Heap after GC invocations=59 (full 0):
 garbage-first heap   total 353280K, used 227716K [0x0000000080000000, 0x0000000100000000)
  region size 1024K, 13 young (13312K), 13 survivors (13312K)
 Metaspace       used 179542K, committed 182336K, reserved 1245184K
  class space    used 23245K, committed 24640K, reserved 1048576K
}
Event: 72.925 GC heap before
{Heap before GC invocations=59 (full 0):
 garbage-first heap   total 353280K, used 320900K [0x0000000080000000, 0x0000000100000000)
  region size 1024K, 104 young (106496K), 13 survivors (13312K)
 Metaspace       used 179542K, committed 182336K, reserved 1245184K
  class space    used 23245K, committed 24640K, reserved 1048576K
}
Event: 72.974 GC heap after
{Heap after GC invocations=60 (full 0):
 garbage-first heap   total 353280K, used 230028K [0x0000000080000000, 0x0000000100000000)
  region size 1024K, 5 young (5120K), 5 survivors (5120K)
 Metaspace       used 179542K, committed 182336K, reserved 1245184K
  class space    used 23245K, committed 24640K, reserved 1048576K
}

